#
# A fatal error has been detected by the Java Runtime Environment:
#
#  Internal Error (javaClasses.cpp:129), pid=4204, tid=3596
#  fatal error: Invalid layout of preloaded class
#
# JRE version: 7.0_25-b17
# Java VM: Java HotSpot(TM) Client VM (23.25-b01 mixed mode windows-x86 )
# Failed to write core dump. Minidumps are not enabled by default on client versions of Windows
#
# If you would like to submit a bug report, please visit:
#   http://bugreport.sun.com/bugreport/crash.jsp
#

---------------  T H R E A D  ---------------

Current thread (0x00869400):  JavaThread "Unknown thread" [_thread_in_vm, id=3596, stack(0x00950000,0x009a0000)]

Stack: [0x00950000,0x009a0000],  sp=0x0099fb1c,  free space=318k
Native frames: (J=compiled Java code, j=interpreted, Vv=VM code, C=native code)
V  [jvm.dll+0x167e31]
V  [jvm.dll+0x1620f6]
V  [jvm.dll+0x1f92f]
V  [jvm.dll+0x1f9b6]
V  [jvm.dll+0x2cffd]
V  [jvm.dll+0x2d2a9]
V  [jvm.dll+0x75351]
V  [jvm.dll+0x7570b]
V  [jvm.dll+0x123881]
V  [jvm.dll+0x1439cc]
V  [jvm.dll+0xa619f]
C  [javaw.exe+0x13ca]
C  [javaw.exe+0x1e3c]
C  [javaw.exe+0xa5b1]
C  [javaw.exe+0xa63b]
C  [KERNEL32.dll+0xb729]  GetModuleFileNameA+0x1ba


---------------  P R O C E S S  ---------------

Java Threads: ( => current thread )

Other Threads:

=>0x00869400 (exited) JavaThread "Unknown thread" [_thread_in_vm, id=3596, stack(0x00950000,0x009a0000)]

VM state:not at safepoint (not fully initialized)

VM Mutex/Monitor currently owned by a thread: None

GC Heap History (0 events):
No events

Deoptimization events (0 events):
No events

Internal exceptions (0 events):
No events

Events (10 events):
Event: 0.048 loading class 0x16b212e0 done
Event: 0.049 loading class 0x16b20c20 done
Event: 0.049 loading class 0x16b20bf8
Event: 0.049 loading class 0x16b76d40
Event: 0.049 loading class 0x16b76d40 done
Event: 0.049 loading class 0x16b76d78
Event: 0.049 loading class 0x16b76d78 done
Event: 0.049 loading class 0x16b76db0
Event: 0.049 loading class 0x16b76db0 done
Event: 0.050 loading class 0x16b20bf8 done


Dynamic libraries:
0x00400000 - 0x0042f000 	C:\Arquivos de programas\Java\jre7\bin\javaw.exe
0x7c900000 - 0x7c9b6000 	C:\WINDOWS\system32\ntdll.dll
0x64d00000 - 0x64d3f000 	C:\Arquivos de programas\AVAST Software\Avast\snxhk.dll
0x7c800000 - 0x7c900000 	C:\WINDOWS\system32\KERNEL32.dll
0x77f50000 - 0x77ffb000 	C:\WINDOWS\system32\ADVAPI32.dll
0x77db0000 - 0x77e43000 	C:\WINDOWS\system32\RPCRT4.dll
0x77f20000 - 0x77f31000 	C:\WINDOWS\system32\Secur32.dll
0x7e360000 - 0x7e3f1000 	C:\WINDOWS\system32\USER32.dll
0x77e50000 - 0x77e99000 	C:\WINDOWS\system32\GDI32.dll
0x773b0000 - 0x774b3000 	C:\WINDOWS\WinSxS\x86_Microsoft.Windows.Common-Controls_6595b64144ccf1df_6.0.2600.6028_x-ww_61e65202\COMCTL32.dll
0x77bf0000 - 0x77c48000 	C:\WINDOWS\system32\msvcrt.dll
0x77ea0000 - 0x77f16000 	C:\WINDOWS\system32\SHLWAPI.dll
0x76360000 - 0x7637d000 	C:\WINDOWS\system32\IMM32.DLL
0x78aa0000 - 0x78b5e000 	C:\Arquivos de programas\Java\jre7\bin\msvcr100.dll
0x6e7c0000 - 0x6eb02000 	C:\Arquivos de programas\Java\jre7\bin\client\jvm.dll
0x71a90000 - 0x71a9a000 	C:\WINDOWS\system32\WSOCK32.dll
0x71a70000 - 0x71a87000 	C:\WINDOWS\system32\WS2_32.dll
0x71a60000 - 0x71a68000 	C:\WINDOWS\system32\WS2HELP.dll
0x76b20000 - 0x76b4e000 	C:\WINDOWS\system32\WINMM.dll
0x76bd0000 - 0x76bdb000 	C:\WINDOWS\system32\PSAPI.DLL
0x6e710000 - 0x6e71c000 	C:\Arquivos de programas\Java\jre7\bin\verify.dll
0x6d4d0000 - 0x6d4f0000 	C:\Arquivos de programas\Java\jre7\bin\java.dll
0x6e7a0000 - 0x6e7b3000 	C:\Arquivos de programas\Java\jre7\bin\zip.dll
0x59ea0000 - 0x59f41000 	C:\WINDOWS\system32\dbghelp.dll
0x77be0000 - 0x77be8000 	C:\WINDOWS\system32\VERSION.dll

VM Arguments:
jvm_args: -Dfile.encoding=Cp1252 -Xbootclasspath:C:\Java\android\sdk\platforms\android-18\android.jar 
java_command: br.com.programacaocinema.Testes
Launcher Type: SUN_STANDARD

Environment Variables:
JAVA_HOME=C:\Arquivos de programas\Java\jdk1.7.0_25
CLASSPATH=.;C:\Arquivos de programas\Java\jdk1.7.0_25\lib;C:\Arquivos de programas\Java\jdk1.7.0_25\lib\tools.jar;C:\Arquivos de programas\Java\jdk1.7.0_25\lib\dt.jar;C:\Arquivos de programas\Java\jdk1.7.0_25\lib\htmlconverter.jar;C:\Arquivos de programas\Java\jdk1.7.0_25\jre\lib;C:\Arquivos de programas\Java\jdk1.7.0_25\jre\lib\rt.jar
PATH=C:/Arquivos de programas/Java/jre7/bin/client;C:/Arquivos de programas/Java/jre7/bin;C:/Arquivos de programas/Java/jre7/lib/i386;C:\php\;C:\WINDOWS\system32;C:\WINDOWS;C:\WINDOWS\System32\Wbem;C:\Arquivos de programas\Intel\DMIX;C:\Arquivos de programas\Internet Explorer;C:\Arquivos de programas\Git\bin\git.exe;C:\Arquivos de programas\Apache Software Foundation\apache-maven-3.0.4\bin;C:\Arquivos de programas\Microsoft Network Monitor 3\;C:\nmap-6.25;C:\Arquivos de programas\QuickTime\QTSystem\;C:\Arquivos de programas\Java\jdk1.7.0_25\bin;C:\Java\android_auto\platform-tools;C:\Java\android_auto\;C:\Java\android_auto\tools;C:\Java\android_auto\tools\lib;C:\Arquivos de programas\Nmap;C:\Documents and Settings\Elenira\Meus documentos\Arquivos_RAUL\developer\IDE\android_full\eclipse;
USERNAME=Elenira
OS=Windows_NT
PROCESSOR_IDENTIFIER=x86 Family 15 Model 4 Stepping 9, GenuineIntel



---------------  S Y S T E M  ---------------

OS: Windows XP Build 2600 Service Pack 3

CPU:total 2 (1 cores per cpu, 2 threads per core) family 15 model 4 stepping 9, cmov, cx8, fxsr, mmx, sse, sse2, sse3, ht, tsc

Memory: 4k page, physical 2088108k(243940k free), swap 4029952k(1347188k free)

vm_info: Java HotSpot(TM) Client VM (23.25-b01) for windows-x86 JRE (1.7.0_25-b17), built on Jun 21 2013 13:06:48 by "java_re" with unknown MS VC++:1600

time: Mon Aug 19 16:42:53 2013
elapsed time: 0 seconds

